This file contains any messages produced by compilers while
running configure, to aid debugging if configure makes a mistake.

It was created by qShell configure 1.0.0, which was
generated by GNU Autoconf 2.69.  Invocation command line was

  $ ./configure 

## --------- ##
## Platform. ##
## --------- ##

hostname = matrix-pc
uname -m = x86_64
uname -r = 3.13.0-32-generic
uname -s = Linux
uname -v = #57-Ubuntu SMP Tue Jul 15 03:51:08 UTC 2014

/usr/bin/uname -p = unknown
/bin/uname -X     = unknown

/bin/arch              = unknown
/usr/bin/arch -k       = unknown
/usr/convex/getsysinfo = unknown
/usr/bin/hostinfo      = unknown
/bin/machine           = unknown
/usr/bin/oslevel       = unknown
/bin/universe          = unknown

PATH: /usr/lib/apache-maven-3.2.1/bin
PATH: /usr/local/sbin
PATH: /usr/local/bin
PATH: /usr/sbin
PATH: /usr/bin
PATH: /sbin
PATH: /bin
PATH: /usr/games
PATH: /usr/local/games


## ----------- ##
## Core tests. ##
## ----------- ##

configure:2235: checking for a BSD-compatible install
configure:2303: result: /usr/bin/install -c
configure:2314: checking whether build environment is sane
configure:2369: result: yes
configure:2407: WARNING: 'missing' script is too old or missing
configure:2520: checking for a thread-safe mkdir -p
configure:2559: result: /bin/mkdir -p
configure:2566: checking for gawk
configure:2596: result: no
configure:2566: checking for mawk
configure:2582: found /usr/bin/mawk
configure:2593: result: mawk
configure:2604: checking whether make sets $(MAKE)
configure:2626: result: yes
configure:2655: checking whether make supports nested variables
configure:2672: result: yes
configure:2944: checking that generated files are newer than configure
configure:2950: result: done
configure:2958: creating ./config.status

## ---------------------- ##
## Running config.status. ##
## ---------------------- ##

This file was extended by qShell config.status 1.0.0, which was
generated by GNU Autoconf 2.69.  Invocation command line was

  CONFIG_FILES    = 
  CONFIG_HEADERS  = 
  CONFIG_LINKS    = 
  CONFIG_COMMANDS = 
  $ ./config.status 

on matrix-pc

config.status:765: creating Makefile
config.status:765: creating src/Makefile
configure:4031: checking for gcc
configure:4047: found /usr/bin/gcc
configure:4058: result: gcc
configure:4287: checking for C compiler version
configure:4296: gcc --version >&5
gcc (Ubuntu 4.8.2-19ubuntu1) 4.8.2
Copyright (C) 2013 Free Software Foundation, Inc.
This is free software; see the source for copying conditions.  There is NO
warranty; not even for MERCHANTABILITY or FITNESS FOR A PARTICULAR PURPOSE.

configure:4307: $? = 0
configure:4296: gcc -v >&5
Using built-in specs.
COLLECT_GCC=gcc
COLLECT_LTO_WRAPPER=/usr/lib/gcc/x86_64-linux-gnu/4.8/lto-wrapper
Target: x86_64-linux-gnu
Configured with: ../src/configure -v --with-pkgversion='Ubuntu 4.8.2-19ubuntu1' --with-bugurl=file:///usr/share/doc/gcc-4.8/README.Bugs --enable-languages=c,c++,java,go,d,fortran,objc,obj-c++ --prefix=/usr --program-suffix=-4.8 --enable-shared --enable-linker-build-id --libexecdir=/usr/lib --without-included-gettext --enable-threads=posix --with-gxx-include-dir=/usr/include/c++/4.8 --libdir=/usr/lib --enable-nls --with-sysroot=/ --enable-clocale=gnu --enable-libstdcxx-debug --enable-libstdcxx-time=yes --enable-gnu-unique-object --disable-libmudflap --enable-plugin --with-system-zlib --disable-browser-plugin --enable-java-awt=gtk --enable-gtk-cairo --with-java-home=/usr/lib/jvm/java-1.5.0-gcj-4.8-amd64/jre --enable-java-home --with-jvm-root-dir=/usr/lib/jvm/java-1.5.0-gcj-4.8-amd64 --with-jvm-jar-dir=/usr/lib/jvm-exports/java-1.5.0-gcj-4.8-amd64 --with-arch-directory=amd64 --with-ecj-jar=/usr/share/java/eclipse-ecj.jar --enable-objc-gc --enable-multiarch --disable-werror --with-arch-32=i686 --with-abi=m64 --with-multilib-list=m32,m64,mx32 --with-tune=generic --enable-checking=release --build=x86_64-linux-gnu --host=x86_64-linux-gnu --target=x86_64-linux-gnu
Thread model: posix
gcc version 4.8.2 (Ubuntu 4.8.2-19ubuntu1) 
configure:4307: $? = 0
configure:4296: gcc -V >&5
gcc: error: unrecognized command line option '-V'
gcc: fatal error: no input files
compilation terminated.
configure:4307: $? = 4
configure:4296: gcc -qversion >&5
gcc: error: unrecognized command line option '-qversion'
gcc: fatal error: no input files
compilation terminated.
configure:4307: $? = 4
configure:4327: checking whether the C compiler works
configure:4349: gcc    conftest.c  >&5
configure:4353: $? = 0
configure:4401: result: yes
configure:4404: checking for C compiler default output file name
configure:4406: result: a.out
configure:4412: checking for suffix of executables
configure:4419: gcc -o conftest    conftest.c  >&5
configure:4423: $? = 0
configure:4445: result: 
configure:4467: checking whether we are cross compiling
configure:4475: gcc -o conftest    conftest.c  >&5
configure:4479: $? = 0
configure:4486: ./conftest
configure:4490: $? = 0
configure:4505: result: no
configure:4510: checking for suffix of object files
configure:4532: gcc -c   conftest.c >&5
configure:4536: $? = 0
configure:4557: result: o
configure:4561: checking whether we are using the GNU C compiler
configure:4580: gcc -c   conftest.c >&5
configure:4580: $? = 0
configure:4589: result: yes
configure:4598: checking whether gcc accepts -g
configure:4618: gcc -c -g  conftest.c >&5
configure:4618: $? = 0
configure:4659: result: yes
configure:4676: checking for gcc option to accept ISO C89
configure:4739: gcc  -c -g -O2  conftest.c >&5
configure:4739: $? = 0
configure:4752: result: none needed
configure:4777: checking whether gcc understands -c and -o together
configure:4799: gcc -c conftest.c -o conftest2.o
configure:4802: $? = 0
configure:4799: gcc -c conftest.c -o conftest2.o
configure:4802: $? = 0
configure:4814: result: yes
configure:4842: checking for style of include used by make
configure:4870: result: GNU
configure:4896: checking dependency style of gcc
configure:5007: result: gcc3
configure:5032: checking how to run the C preprocessor
configure:5063: gcc -E  conftest.c
configure:5063: $? = 0
configure:5077: gcc -E  conftest.c
conftest.c:11:28: fatal error: ac_nonexistent.h: No such file or directory
 #include <ac_nonexistent.h>
                            ^
compilation terminated.
configure:5077: $? = 1
configure: failed program was:
| /* confdefs.h */
| #define PACKAGE_NAME "qShell"
| #define PACKAGE_TARNAME "qshell"
| #define PACKAGE_VERSION "1.0.0"
| #define PACKAGE_STRING "qShell 1.0.0"
| #define PACKAGE_BUGREPORT ""
| #define PACKAGE_URL ""
| #define PACKAGE "qshell"
| #define VERSION "1.0.0"
| /* end confdefs.h.  */
| #include <ac_nonexistent.h>
configure:5102: result: gcc -E
configure:5122: gcc -E  conftest.c
configure:5122: $? = 0
configure:5136: gcc -E  conftest.c
conftest.c:11:28: fatal error: ac_nonexistent.h: No such file or directory
 #include <ac_nonexistent.h>
                            ^
compilation terminated.
configure:5136: $? = 1
configure: failed program was:
| /* confdefs.h */
| #define PACKAGE_NAME "qShell"
| #define PACKAGE_TARNAME "qshell"
| #define PACKAGE_VERSION "1.0.0"
| #define PACKAGE_STRING "qShell 1.0.0"
| #define PACKAGE_BUGREPORT ""
| #define PACKAGE_URL ""
| #define PACKAGE "qshell"
| #define VERSION "1.0.0"
| /* end confdefs.h.  */
| #include <ac_nonexistent.h>
configure:5165: checking for grep that handles long lines and -e
configure:5223: result: /bin/grep
configure:5228: checking for egrep
configure:5290: result: /bin/grep -E
configure:5295: checking for ANSI C header files
configure:5315: gcc -c -g -O2  conftest.c >&5
configure:5315: $? = 0
configure:5388: gcc -o conftest -g -O2   conftest.c  >&5
configure:5388: $? = 0
configure:5388: ./conftest
configure:5388: $? = 0
configure:5399: result: yes
configure:5412: checking for sys/types.h
configure:5412: gcc -c -g -O2  conftest.c >&5
configure:5412: $? = 0
configure:5412: result: yes
configure:5412: checking for sys/stat.h
configure:5412: gcc -c -g -O2  conftest.c >&5
configure:5412: $? = 0
configure:5412: result: yes
configure:5412: checking for stdlib.h
configure:5412: gcc -c -g -O2  conftest.c >&5
configure:5412: $? = 0
configure:5412: result: yes
configure:5412: checking for string.h
configure:5412: gcc -c -g -O2  conftest.c >&5
configure:5412: $? = 0
configure:5412: result: yes
configure:5412: checking for memory.h
configure:5412: gcc -c -g -O2  conftest.c >&5
configure:5412: $? = 0
configure:5412: result: yes
configure:5412: checking for strings.h
configure:5412: gcc -c -g -O2  conftest.c >&5
configure:5412: $? = 0
configure:5412: result: yes
configure:5412: checking for inttypes.h
configure:5412: gcc -c -g -O2  conftest.c >&5
configure:5412: $? = 0
configure:5412: result: yes
configure:5412: checking for stdint.h
configure:5412: gcc -c -g -O2  conftest.c >&5
configure:5412: $? = 0
configure:5412: result: yes
configure:5412: checking for unistd.h
configure:5412: gcc -c -g -O2  conftest.c >&5
configure:5412: $? = 0
configure:5412: result: yes
configure:5427: checking fcntl.h usability
configure:5427: gcc -c -g -O2  conftest.c >&5
configure:5427: $? = 0
configure:5427: result: yes
configure:5427: checking fcntl.h presence
configure:5427: gcc -E  conftest.c
configure:5427: $? = 0
configure:5427: result: yes
configure:5427: checking for fcntl.h
configure:5427: result: yes
configure:5427: checking for stdlib.h
configure:5427: result: yes
configure:5427: checking for string.h
configure:5427: result: yes
configure:5427: checking for unistd.h
configure:5427: result: yes
configure:5439: checking for stdbool.h that conforms to C99
configure:5506: gcc -c -g -O2  conftest.c >&5
configure:5506: $? = 0
configure:5513: result: yes
configure:5515: checking for _Bool
configure:5515: gcc -c -g -O2  conftest.c >&5
configure:5515: $? = 0
configure:5515: gcc -c -g -O2  conftest.c >&5
conftest.c: In function 'main':
conftest.c:61:20: error: expected expression before ')' token
 if (sizeof ((_Bool)))
                    ^
configure:5515: $? = 1
configure: failed program was:
| /* confdefs.h */
| #define PACKAGE_NAME "qShell"
| #define PACKAGE_TARNAME "qshell"
| #define PACKAGE_VERSION "1.0.0"
| #define PACKAGE_STRING "qShell 1.0.0"
| #define PACKAGE_BUGREPORT ""
| #define PACKAGE_URL ""
| #define PACKAGE "qshell"
| #define VERSION "1.0.0"
| #define STDC_HEADERS 1
| #define HAVE_SYS_TYPES_H 1
| #define HAVE_SYS_STAT_H 1
| #define HAVE_STDLIB_H 1
| #define HAVE_STRING_H 1
| #define HAVE_MEMORY_H 1
| #define HAVE_STRINGS_H 1
| #define HAVE_INTTYPES_H 1
| #define HAVE_STDINT_H 1
| #define HAVE_UNISTD_H 1
| #define HAVE_FCNTL_H 1
| #define HAVE_STDLIB_H 1
| #define HAVE_STRING_H 1
| #define HAVE_UNISTD_H 1
| /* end confdefs.h.  */
| #include <stdio.h>
| #ifdef HAVE_SYS_TYPES_H
| # include <sys/types.h>
| #endif
| #ifdef HAVE_SYS_STAT_H
| # include <sys/stat.h>
| #endif
| #ifdef STDC_HEADERS
| # include <stdlib.h>
| # include <stddef.h>
| #else
| # ifdef HAVE_STDLIB_H
| #  include <stdlib.h>
| # endif
| #endif
| #ifdef HAVE_STRING_H
| # if !defined STDC_HEADERS && defined HAVE_MEMORY_H
| #  include <memory.h>
| # endif
| # include <string.h>
| #endif
| #ifdef HAVE_STRINGS_H
| # include <strings.h>
| #endif
| #ifdef HAVE_INTTYPES_H
| # include <inttypes.h>
| #endif
| #ifdef HAVE_STDINT_H
| # include <stdint.h>
| #endif
| #ifdef HAVE_UNISTD_H
| # include <unistd.h>
| #endif
| int
| main ()
| {
| if (sizeof ((_Bool)))
| 	    return 0;
|   ;
|   return 0;
| }
configure:5515: result: yes
configure:5526: checking for pid_t
configure:5526: gcc -c -g -O2  conftest.c >&5
configure:5526: $? = 0
configure:5526: gcc -c -g -O2  conftest.c >&5
conftest.c: In function 'main':
conftest.c:62:20: error: expected expression before ')' token
 if (sizeof ((pid_t)))
                    ^
configure:5526: $? = 1
configure: failed program was:
| /* confdefs.h */
| #define PACKAGE_NAME "qShell"
| #define PACKAGE_TARNAME "qshell"
| #define PACKAGE_VERSION "1.0.0"
| #define PACKAGE_STRING "qShell 1.0.0"
| #define PACKAGE_BUGREPORT ""
| #define PACKAGE_URL ""
| #define PACKAGE "qshell"
| #define VERSION "1.0.0"
| #define STDC_HEADERS 1
| #define HAVE_SYS_TYPES_H 1
| #define HAVE_SYS_STAT_H 1
| #define HAVE_STDLIB_H 1
| #define HAVE_STRING_H 1
| #define HAVE_MEMORY_H 1
| #define HAVE_STRINGS_H 1
| #define HAVE_INTTYPES_H 1
| #define HAVE_STDINT_H 1
| #define HAVE_UNISTD_H 1
| #define HAVE_FCNTL_H 1
| #define HAVE_STDLIB_H 1
| #define HAVE_STRING_H 1
| #define HAVE_UNISTD_H 1
| #define HAVE__BOOL 1
| /* end confdefs.h.  */
| #include <stdio.h>
| #ifdef HAVE_SYS_TYPES_H
| # include <sys/types.h>
| #endif
| #ifdef HAVE_SYS_STAT_H
| # include <sys/stat.h>
| #endif
| #ifdef STDC_HEADERS
| # include <stdlib.h>
| # include <stddef.h>
| #else
| # ifdef HAVE_STDLIB_H
| #  include <stdlib.h>
| # endif
| #endif
| #ifdef HAVE_STRING_H
| # if !defined STDC_HEADERS && defined HAVE_MEMORY_H
| #  include <memory.h>
| # endif
| # include <string.h>
| #endif
| #ifdef HAVE_STRINGS_H
| # include <strings.h>
| #endif
| #ifdef HAVE_INTTYPES_H
| # include <inttypes.h>
| #endif
| #ifdef HAVE_STDINT_H
| # include <stdint.h>
| #endif
| #ifdef HAVE_UNISTD_H
| # include <unistd.h>
| #endif
| int
| main ()
| {
| if (sizeof ((pid_t)))
| 	    return 0;
|   ;
|   return 0;
| }
configure:5526: result: yes
configure:5537: checking for size_t
configure:5537: gcc -c -g -O2  conftest.c >&5
configure:5537: $? = 0
configure:5537: gcc -c -g -O2  conftest.c >&5
conftest.c: In function 'main':
conftest.c:62:21: error: expected expression before ')' token
 if (sizeof ((size_t)))
                     ^
configure:5537: $? = 1
configure: failed program was:
| /* confdefs.h */
| #define PACKAGE_NAME "qShell"
| #define PACKAGE_TARNAME "qshell"
| #define PACKAGE_VERSION "1.0.0"
| #define PACKAGE_STRING "qShell 1.0.0"
| #define PACKAGE_BUGREPORT ""
| #define PACKAGE_URL ""
| #define PACKAGE "qshell"
| #define VERSION "1.0.0"
| #define STDC_HEADERS 1
| #define HAVE_SYS_TYPES_H 1
| #define HAVE_SYS_STAT_H 1
| #define HAVE_STDLIB_H 1
| #define HAVE_STRING_H 1
| #define HAVE_MEMORY_H 1
| #define HAVE_STRINGS_H 1
| #define HAVE_INTTYPES_H 1
| #define HAVE_STDINT_H 1
| #define HAVE_UNISTD_H 1
| #define HAVE_FCNTL_H 1
| #define HAVE_STDLIB_H 1
| #define HAVE_STRING_H 1
| #define HAVE_UNISTD_H 1
| #define HAVE__BOOL 1
| /* end confdefs.h.  */
| #include <stdio.h>
| #ifdef HAVE_SYS_TYPES_H
| # include <sys/types.h>
| #endif
| #ifdef HAVE_SYS_STAT_H
| # include <sys/stat.h>
| #endif
| #ifdef STDC_HEADERS
| # include <stdlib.h>
| # include <stddef.h>
| #else
| # ifdef HAVE_STDLIB_H
| #  include <stdlib.h>
| # endif
| #endif
| #ifdef HAVE_STRING_H
| # if !defined STDC_HEADERS && defined HAVE_MEMORY_H
| #  include <memory.h>
| # endif
| # include <string.h>
| #endif
| #ifdef HAVE_STRINGS_H
| # include <strings.h>
| #endif
| #ifdef HAVE_INTTYPES_H
| # include <inttypes.h>
| #endif
| #ifdef HAVE_STDINT_H
| # include <stdint.h>
| #endif
| #ifdef HAVE_UNISTD_H
| # include <unistd.h>
| #endif
| int
| main ()
| {
| if (sizeof ((size_t)))
| 	    return 0;
|   ;
|   return 0;
| }
configure:5537: result: yes
configure:5548: checking for ssize_t
configure:5548: gcc -c -g -O2  conftest.c >&5
configure:5548: $? = 0
configure:5548: gcc -c -g -O2  conftest.c >&5
conftest.c: In function 'main':
conftest.c:62:22: error: expected expression before ')' token
 if (sizeof ((ssize_t)))
                      ^
configure:5548: $? = 1
configure: failed program was:
| /* confdefs.h */
| #define PACKAGE_NAME "qShell"
| #define PACKAGE_TARNAME "qshell"
| #define PACKAGE_VERSION "1.0.0"
| #define PACKAGE_STRING "qShell 1.0.0"
| #define PACKAGE_BUGREPORT ""
| #define PACKAGE_URL ""
| #define PACKAGE "qshell"
| #define VERSION "1.0.0"
| #define STDC_HEADERS 1
| #define HAVE_SYS_TYPES_H 1
| #define HAVE_SYS_STAT_H 1
| #define HAVE_STDLIB_H 1
| #define HAVE_STRING_H 1
| #define HAVE_MEMORY_H 1
| #define HAVE_STRINGS_H 1
| #define HAVE_INTTYPES_H 1
| #define HAVE_STDINT_H 1
| #define HAVE_UNISTD_H 1
| #define HAVE_FCNTL_H 1
| #define HAVE_STDLIB_H 1
| #define HAVE_STRING_H 1
| #define HAVE_UNISTD_H 1
| #define HAVE__BOOL 1
| /* end confdefs.h.  */
| #include <stdio.h>
| #ifdef HAVE_SYS_TYPES_H
| # include <sys/types.h>
| #endif
| #ifdef HAVE_SYS_STAT_H
| # include <sys/stat.h>
| #endif
| #ifdef STDC_HEADERS
| # include <stdlib.h>
| # include <stddef.h>
| #else
| # ifdef HAVE_STDLIB_H
| #  include <stdlib.h>
| # endif
| #endif
| #ifdef HAVE_STRING_H
| # if !defined STDC_HEADERS && defined HAVE_MEMORY_H
| #  include <memory.h>
| # endif
| # include <string.h>
| #endif
| #ifdef HAVE_STRINGS_H
| # include <strings.h>
| #endif
| #ifdef HAVE_INTTYPES_H
| # include <inttypes.h>
| #endif
| #ifdef HAVE_STDINT_H
| # include <stdint.h>
| #endif
| #ifdef HAVE_UNISTD_H
| # include <unistd.h>
| #endif
| int
| main ()
| {
| if (sizeof ((ssize_t)))
| 	    return 0;
|   ;
|   return 0;
| }
configure:5548: result: yes
configure:5563: checking vfork.h usability
configure:5563: gcc -c -g -O2  conftest.c >&5
conftest.c:59:19: fatal error: vfork.h: No such file or directory
 #include <vfork.h>
                   ^
compilation terminated.
configure:5563: $? = 1
configure: failed program was:
| /* confdefs.h */
| #define PACKAGE_NAME "qShell"
| #define PACKAGE_TARNAME "qshell"
| #define PACKAGE_VERSION "1.0.0"
| #define PACKAGE_STRING "qShell 1.0.0"
| #define PACKAGE_BUGREPORT ""
| #define PACKAGE_URL ""
| #define PACKAGE "qshell"
| #define VERSION "1.0.0"
| #define STDC_HEADERS 1
| #define HAVE_SYS_TYPES_H 1
| #define HAVE_SYS_STAT_H 1
| #define HAVE_STDLIB_H 1
| #define HAVE_STRING_H 1
| #define HAVE_MEMORY_H 1
| #define HAVE_STRINGS_H 1
| #define HAVE_INTTYPES_H 1
| #define HAVE_STDINT_H 1
| #define HAVE_UNISTD_H 1
| #define HAVE_FCNTL_H 1
| #define HAVE_STDLIB_H 1
| #define HAVE_STRING_H 1
| #define HAVE_UNISTD_H 1
| #define HAVE__BOOL 1
| /* end confdefs.h.  */
| #include <stdio.h>
| #ifdef HAVE_SYS_TYPES_H
| # include <sys/types.h>
| #endif
| #ifdef HAVE_SYS_STAT_H
| # include <sys/stat.h>
| #endif
| #ifdef STDC_HEADERS
| # include <stdlib.h>
| # include <stddef.h>
| #else
| # ifdef HAVE_STDLIB_H
| #  include <stdlib.h>
| # endif
| #endif
| #ifdef HAVE_STRING_H
| # if !defined STDC_HEADERS && defined HAVE_MEMORY_H
| #  include <memory.h>
| # endif
| # include <string.h>
| #endif
| #ifdef HAVE_STRINGS_H
| # include <strings.h>
| #endif
| #ifdef HAVE_INTTYPES_H
| # include <inttypes.h>
| #endif
| #ifdef HAVE_STDINT_H
| # include <stdint.h>
| #endif
| #ifdef HAVE_UNISTD_H
| # include <unistd.h>
| #endif
| #include <vfork.h>
configure:5563: result: no
configure:5563: checking vfork.h presence
configure:5563: gcc -E  conftest.c
conftest.c:26:19: fatal error: vfork.h: No such file or directory
 #include <vfork.h>
                   ^
compilation terminated.
configure:5563: $? = 1
configure: failed program was:
| /* confdefs.h */
| #define PACKAGE_NAME "qShell"
| #define PACKAGE_TARNAME "qshell"
| #define PACKAGE_VERSION "1.0.0"
| #define PACKAGE_STRING "qShell 1.0.0"
| #define PACKAGE_BUGREPORT ""
| #define PACKAGE_URL ""
| #define PACKAGE "qshell"
| #define VERSION "1.0.0"
| #define STDC_HEADERS 1
| #define HAVE_SYS_TYPES_H 1
| #define HAVE_SYS_STAT_H 1
| #define HAVE_STDLIB_H 1
| #define HAVE_STRING_H 1
| #define HAVE_MEMORY_H 1
| #define HAVE_STRINGS_H 1
| #define HAVE_INTTYPES_H 1
| #define HAVE_STDINT_H 1
| #define HAVE_UNISTD_H 1
| #define HAVE_FCNTL_H 1
| #define HAVE_STDLIB_H 1
| #define HAVE_STRING_H 1
| #define HAVE_UNISTD_H 1
| #define HAVE__BOOL 1
| /* end confdefs.h.  */
| #include <vfork.h>
configure:5563: result: no
configure:5563: checking for vfork.h
configure:5563: result: no
configure:5576: checking for fork
configure:5576: gcc -o conftest -g -O2   conftest.c  >&5
conftest.c:49:6: warning: conflicting types for built-in function 'fork' [enabled by default]
 char fork ();
      ^
configure:5576: $? = 0
configure:5576: result: yes
configure:5576: checking for vfork
configure:5576: gcc -o conftest -g -O2   conftest.c  >&5
configure:5576: $? = 0
configure:5576: result: yes
configure:5586: checking for working fork
configure:5608: gcc -o conftest -g -O2   conftest.c  >&5
configure:5608: $? = 0
configure:5608: ./conftest
configure:5608: $? = 0
configure:5618: result: yes
configure:5639: checking for working vfork
configure:5749: result: yes
configure:5776: checking for stdlib.h
configure:5776: result: yes
configure:5786: checking for GNU libc compatible malloc
configure:5810: gcc -o conftest -g -O2   conftest.c  >&5
configure:5810: $? = 0
configure:5810: ./conftest
configure:5810: $? = 0
configure:5820: result: yes
configure:5844: checking for alarm
configure:5844: gcc -o conftest -g -O2   conftest.c  >&5
configure:5844: $? = 0
configure:5844: result: yes
configure:5844: checking for getcwd
configure:5844: gcc -o conftest -g -O2   conftest.c  >&5
configure:5844: $? = 0
configure:5844: result: yes
configure:5844: checking for setenv
configure:5844: gcc -o conftest -g -O2   conftest.c  >&5
configure:5844: $? = 0
configure:5844: result: yes
configure:5844: checking for strerror
configure:5844: gcc -o conftest -g -O2   conftest.c  >&5
configure:5844: $? = 0
configure:5844: result: yes
configure:5844: checking for strstr
configure:5844: gcc -o conftest -g -O2   conftest.c  >&5
conftest.c:59:6: warning: conflicting types for built-in function 'strstr' [enabled by default]
 char strstr ();
      ^
configure:5844: $? = 0
configure:5844: result: yes
configure:5963: checking that generated files are newer than configure
configure:5969: result: done
configure:5992: creating ./config.status

## ---------------------- ##
## Running config.status. ##
## ---------------------- ##

This file was extended by qShell config.status 1.0.0, which was
generated by GNU Autoconf 2.69.  Invocation command line was

  CONFIG_FILES    = 
  CONFIG_HEADERS  = 
  CONFIG_LINKS    = 
  CONFIG_COMMANDS = 
  $ ./config.status 

on matrix-pc

config.status:869: creating Makefile
config.status:869: creating src/Makefile
config.status:869: creating config.h
config.status:1050: config.h is unchanged
config.status:1098: executing depfiles commands

## ---------------- ##
## Cache variables. ##
## ---------------- ##

ac_cv_c_compiler_gnu=yes
ac_cv_env_CC_set=
ac_cv_env_CC_value=
ac_cv_env_CFLAGS_set=
ac_cv_env_CFLAGS_value=
ac_cv_env_CPPFLAGS_set=
ac_cv_env_CPPFLAGS_value=
ac_cv_env_CPP_set=
ac_cv_env_CPP_value=
ac_cv_env_LDFLAGS_set=
ac_cv_env_LDFLAGS_value=
ac_cv_env_LIBS_set=
ac_cv_env_LIBS_value=
ac_cv_env_build_alias_set=
ac_cv_env_build_alias_value=
ac_cv_env_host_alias_set=
ac_cv_env_host_alias_value=
ac_cv_env_target_alias_set=
ac_cv_env_target_alias_value=
ac_cv_func_alarm=yes
ac_cv_func_fork=yes
ac_cv_func_fork_works=yes
ac_cv_func_getcwd=yes
ac_cv_func_malloc_0_nonnull=yes
ac_cv_func_setenv=yes
ac_cv_func_strerror=yes
ac_cv_func_strstr=yes
ac_cv_func_vfork=yes
ac_cv_func_vfork_works=yes
ac_cv_header_fcntl_h=yes
ac_cv_header_inttypes_h=yes
ac_cv_header_memory_h=yes
ac_cv_header_stdbool_h=yes
ac_cv_header_stdc=yes
ac_cv_header_stdint_h=yes
ac_cv_header_stdlib_h=yes
ac_cv_header_string_h=yes
ac_cv_header_strings_h=yes
ac_cv_header_sys_stat_h=yes
ac_cv_header_sys_types_h=yes
ac_cv_header_unistd_h=yes
ac_cv_header_vfork_h=no
ac_cv_objext=o
ac_cv_path_EGREP='/bin/grep -E'
ac_cv_path_GREP=/bin/grep
ac_cv_path_install='/usr/bin/install -c'
ac_cv_path_mkdir=/bin/mkdir
ac_cv_prog_AWK=mawk
ac_cv_prog_CPP='gcc -E'
ac_cv_prog_ac_ct_CC=gcc
ac_cv_prog_cc_c89=
ac_cv_prog_cc_g=yes
ac_cv_prog_make_make_set=yes
ac_cv_type__Bool=yes
ac_cv_type_pid_t=yes
ac_cv_type_size_t=yes
ac_cv_type_ssize_t=yes
am_cv_CC_dependencies_compiler_type=gcc3
am_cv_make_support_nested_variables=yes
am_cv_prog_cc_c_o=yes

## ----------------- ##
## Output variables. ##
## ----------------- ##

ACLOCAL='aclocal-1.14'
AMDEPBACKSLASH='\'
AMDEP_FALSE='#'
AMDEP_TRUE=''
AMTAR='$${TAR-tar}'
AM_BACKSLASH='\'
AM_DEFAULT_V='$(AM_DEFAULT_VERBOSITY)'
AM_DEFAULT_VERBOSITY='1'
AM_V='$(V)'
AUTOCONF='autoconf'
AUTOHEADER='autoheader'
AUTOMAKE='automake-1.14'
AWK='mawk'
CC='gcc'
CCDEPMODE='depmode=gcc3'
CFLAGS='-g -O2'
CPP='gcc -E'
CPPFLAGS=''
CYGPATH_W='echo'
DEFS='-DHAVE_CONFIG_H'
DEPDIR='.deps'
ECHO_C=''
ECHO_N='-n'
ECHO_T=''
EGREP='/bin/grep -E'
EXEEXT=''
GREP='/bin/grep'
INSTALL_DATA='${INSTALL} -m 644'
INSTALL_PROGRAM='${INSTALL}'
INSTALL_SCRIPT='${INSTALL}'
INSTALL_STRIP_PROGRAM='$(install_sh) -c -s'
LDFLAGS=''
LIBOBJS=''
LIBS=''
LTLIBOBJS=''
MAKEINFO='makeinfo'
MKDIR_P='/bin/mkdir -p'
OBJEXT='o'
PACKAGE='qshell'
PACKAGE_BUGREPORT=''
PACKAGE_NAME='qShell'
PACKAGE_STRING='qShell 1.0.0'
PACKAGE_TARNAME='qshell'
PACKAGE_URL=''
PACKAGE_VERSION='1.0.0'
PATH_SEPARATOR=':'
SET_MAKE=''
SHELL='/bin/bash'
STRIP=''
VERSION='1.0.0'
ac_ct_CC='gcc'
am__EXEEXT_FALSE=''
am__EXEEXT_TRUE='#'
am__fastdepCC_FALSE='#'
am__fastdepCC_TRUE=''
am__include='include'
am__isrc=''
am__leading_dot='.'
am__nodep='_no'
am__quote=''
am__tar='$${TAR-tar} chof - "$$tardir"'
am__untar='$${TAR-tar} xf -'
bindir='${exec_prefix}/bin'
build_alias=''
datadir='${datarootdir}'
datarootdir='${prefix}/share'
docdir='${datarootdir}/doc/${PACKAGE_TARNAME}'
dvidir='${docdir}'
exec_prefix='${prefix}'
host_alias=''
htmldir='${docdir}'
includedir='${prefix}/include'
infodir='${datarootdir}/info'
install_sh='${SHELL} /home/matrix/install-sh'
libdir='${exec_prefix}/lib'
libexecdir='${exec_prefix}/libexec'
localedir='${datarootdir}/locale'
localstatedir='${prefix}/var'
mandir='${datarootdir}/man'
mkdir_p='$(MKDIR_P)'
oldincludedir='/usr/include'
pdfdir='${docdir}'
prefix='/usr/local'
program_transform_name='s,x,x,'
psdir='${docdir}'
sbindir='${exec_prefix}/sbin'
sharedstatedir='${prefix}/com'
sysconfdir='${prefix}/etc'
target_alias=''

## ----------- ##
## confdefs.h. ##
## ----------- ##

/* confdefs.h */
#define PACKAGE_NAME "qShell"
#define PACKAGE_TARNAME "qshell"
#define PACKAGE_VERSION "1.0.0"
#define PACKAGE_STRING "qShell 1.0.0"
#define PACKAGE_BUGREPORT ""
#define PACKAGE_URL ""
#define PACKAGE "qshell"
#define VERSION "1.0.0"
#define STDC_HEADERS 1
#define HAVE_SYS_TYPES_H 1
#define HAVE_SYS_STAT_H 1
#define HAVE_STDLIB_H 1
#define HAVE_STRING_H 1
#define HAVE_MEMORY_H 1
#define HAVE_STRINGS_H 1
#define HAVE_INTTYPES_H 1
#define HAVE_STDINT_H 1
#define HAVE_UNISTD_H 1
#define HAVE_FCNTL_H 1
#define HAVE_STDLIB_H 1
#define HAVE_STRING_H 1
#define HAVE_UNISTD_H 1
#define HAVE__BOOL 1
#define HAVE_FORK 1
#define HAVE_VFORK 1
#define HAVE_WORKING_VFORK 1
#define HAVE_WORKING_FORK 1
#define HAVE_STDLIB_H 1
#define HAVE_MALLOC 1
#define HAVE_ALARM 1
#define HAVE_GETCWD 1
#define HAVE_SETENV 1
#define HAVE_STRERROR 1
#define HAVE_STRSTR 1

configure: exit 0
